2026-06-12 14:31:46,347 - aqt.main - INFO - installer 43608 aqtinstall(aqt) v3.3.0 on Python 3.12.10 [CPython MSC v.1943 64 bit (AMD64)]
2026-06-12 14:31:46,348 - aqt.helper - DEBUG - helper 43608 Attempt to download checksum at https://download.qt.io/online/qtsdkrepository/windows_x86/desktop/qt6_653/Updates.xml.sha256
2026-06-12 14:31:49,534 - aqt.main - ERROR - installer 43608 The packages ['qt_base'] were not found while parsing XML of package information!
==============================Suggested follow-up:==============================
* Please use 'aqt list-qt windows desktop --arch 6.5.3' to show architectures available.
2026-06-12 14:32:02,911 - aqt.helper - DEBUG - helper 7716 Attempt to download checksum at https://download.qt.io/online/qtsdkrepository/windows_x86/desktop/qt6_6120/qt6_6120/Updates.xml.sha256
2026-06-12 14:32:04,371 - aqt.helper - DEBUG - helper 7716 Attempt to download checksum at https://download.qt.io/online/qtsdkrepository/windows_x86/desktop/qt6_6120/qt6_6120/Updates.xml.sha256
2026-06-12 14:32:05,795 - aqt.helper - DEBUG - helper 7716 Attempt to download checksum at https://download.qt.io/online/qtsdkrepository/windows_x86/desktop/qt6_6120/qt6_6120/Updates.xml.sha256
2026-06-12 14:32:07,345 - aqt.helper - DEBUG - helper 7716 Attempt to download checksum at https://download.qt.io/online/qtsdkrepository/windows_x86/desktop/qt6_6120/qt6_6120/Updates.xml.sha256
2026-06-12 14:32:09,018 - aqt.helper - DEBUG - helper 7716 Attempt to download checksum at https://download.qt.io/online/qtsdkrepository/windows_x86/desktop/qt6_6120/qt6_6120/Updates.xml.sha256
2026-06-12 14:32:10,673 - aqt.main - ERROR - installer 7716 Failed to download checksum for the file 'Updates.xml' from mirrors '['https://download.qt.io']
==============================Suggested follow-up:==============================
* Check your internet connection
* Consider modifying `requests.max_retries_to_retrieve_hash` in settings.ini
* Consider modifying `mirrors.trusted_mirrors` in settings.ini (see https://aqtinstall.readthedocs.io/en/stable/configuration.html#configuration)
* Please use 'aqt list-qt windows desktop' to show versions of Qt available.
2026-06-12 14:32:23,745 - aqt.main - INFO - installer 23916 aqtinstall(aqt) v3.3.0 on Python 3.12.10 [CPython MSC v.1943 64 bit (AMD64)]
2026-06-12 14:32:23,747 - aqt.helper - DEBUG - helper 23916 Attempt to download checksum at https://download.qt.io/online/qtsdkrepository/windows_x86/desktop/qt6_683/qt6_683/Updates.xml.sha256
2026-06-12 14:32:26,907 - aqt.helper - DEBUG - helper 23916 Attempt to download checksum at https://download.qt.io/online/qtsdkrepository/windows_x86/extensions/qtwebengine/683/msvc2022_64/Updates.xml.sha256
2026-06-12 14:32:30,150 - aqt.archives - INFO - archives 23916 Found extension qtwebengine
2026-06-12 14:32:30,150 - aqt.helper - DEBUG - helper 23916 Attempt to download checksum at https://download.qt.io/online/qtsdkrepository/windows_x86/extensions/qtpdf/683/msvc2022_64/Updates.xml.sha256
2026-06-12 14:32:33,445 - aqt.archives - INFO - archives 23916 Found extension qtpdf
2026-06-12 14:32:34,225 - aqt.helper - DEBUG - helper 43436 Attempt to download checksum at https://download.qt.io/online/qtsdkrepository/windows_x86/desktop/qt6_683/qt6_683/qt.qt6.683.win64_msvc2022_64/6.8.3-0-202503201308qtbase-Windows-Windows_11_23H2-MSVC2022-Windows-Windows_11_23H2-X86_64.7z.sha256
2026-06-12 14:32:34,239 - aqt.helper - DEBUG - helper 44236 Attempt to download checksum at https://download.qt.io/online/qtsdkrepository/windows_x86/desktop/qt6_683/qt6_683/qt.qt6.683.win64_msvc2022_64/6.8.3-0-202503201308qtsvg-Windows-Windows_11_23H2-MSVC2022-Windows-Windows_11_23H2-X86_64.7z.sha256
2026-06-12 14:32:34,251 - aqt.helper - DEBUG - helper 45144 Attempt to download checksum at https://download.qt.io/online/qtsdkrepository/windows_x86/desktop/qt6_683/qt6_683/qt.qt6.683.win64_msvc2022_64/6.8.3-0-202503201308qtdeclarative-Windows-Windows_11_23H2-MSVC2022-Windows-Windows_11_23H2-X86_64.7z.sha256
2026-06-12 14:32:34,265 - aqt.helper - DEBUG - helper 45376 Attempt to download checksum at https://download.qt.io/online/qtsdkrepository/windows_x86/desktop/qt6_683/qt6_683/qt.qt6.683.win64_msvc2022_64/6.8.3-0-202503201308qttools-Windows-Windows_11_23H2-MSVC2022-Windows-Windows_11_23H2-X86_64.7z.sha256
2026-06-12 14:32:35,887 - aqt.helper - INFO - helper 44236 Downloading qtsvg...
2026-06-12 14:32:35,887 - aqt.helper - INFO - helper 43436 Downloading qtbase...
2026-06-12 14:32:35,887 - aqt.installer - DEBUG - installer 43436 Download URL: https://download.qt.io/online/qtsdkrepository/windows_x86/desktop/qt6_683/qt6_683/qt.qt6.683.win64_msvc2022_64/6.8.3-0-202503201308qtbase-Windows-Windows_11_23H2-MSVC2022-Windows-Windows_11_23H2-X86_64.7z
2026-06-12 14:32:35,887 - aqt.installer - DEBUG - installer 44236 Download URL: https://download.qt.io/online/qtsdkrepository/windows_x86/desktop/qt6_683/qt6_683/qt.qt6.683.win64_msvc2022_64/6.8.3-0-202503201308qtsvg-Windows-Windows_11_23H2-MSVC2022-Windows-Windows_11_23H2-X86_64.7z
2026-06-12 14:32:35,930 - aqt.helper - INFO - helper 45376 Downloading qttools...
2026-06-12 14:32:35,931 - aqt.installer - DEBUG - installer 45376 Download URL: https://download.qt.io/online/qtsdkrepository/windows_x86/desktop/qt6_683/qt6_683/qt.qt6.683.win64_msvc2022_64/6.8.3-0-202503201308qttools-Windows-Windows_11_23H2-MSVC2022-Windows-Windows_11_23H2-X86_64.7z
2026-06-12 14:32:35,952 - aqt.helper - INFO - helper 45144 Downloading qtdeclarative...
2026-06-12 14:32:35,953 - aqt.installer - DEBUG - installer 45144 Download URL: https://download.qt.io/online/qtsdkrepository/windows_x86/desktop/qt6_683/qt6_683/qt.qt6.683.win64_msvc2022_64/6.8.3-0-202503201308qtdeclarative-Windows-Windows_11_23H2-MSVC2022-Windows-Windows_11_23H2-X86_64.7z
2026-06-12 14:32:37,576 - aqt.helper - DEBUG - helper 43436 Asked to redirect(302) to: https://qt.mirror.constant.com/online/qtsdkrepository/windows_x86/desktop/qt6_683/qt6_683/qt.qt6.683.win64_msvc2022_64/6.8.3-0-202503201308qtbase-Windows-Windows_11_23H2-MSVC2022-Windows-Windows_11_23H2-X86_64.7z
2026-06-12 14:32:37,576 - aqt.helper - INFO - helper 43436 Redirected: qt.mirror.constant.com
2026-06-12 14:32:37,641 - aqt.helper - DEBUG - helper 45376 Asked to redirect(302) to: https://qt.mirror.constant.com/online/qtsdkrepository/windows_x86/desktop/qt6_683/qt6_683/qt.qt6.683.win64_msvc2022_64/6.8.3-0-202503201308qttools-Windows-Windows_11_23H2-MSVC2022-Windows-Windows_11_23H2-X86_64.7z
2026-06-12 14:32:37,641 - aqt.helper - INFO - helper 45376 Redirected: qt.mirror.constant.com
2026-06-12 14:32:37,641 - aqt.helper - DEBUG - helper 44236 Asked to redirect(302) to: https://qt.mirror.constant.com/online/qtsdkrepository/windows_x86/desktop/qt6_683/qt6_683/qt.qt6.683.win64_msvc2022_64/6.8.3-0-202503201308qtsvg-Windows-Windows_11_23H2-MSVC2022-Windows-Windows_11_23H2-X86_64.7z
2026-06-12 14:32:37,641 - aqt.helper - INFO - helper 44236 Redirected: qt.mirror.constant.com
2026-06-12 14:32:37,661 - aqt.helper - DEBUG - helper 45144 Asked to redirect(302) to: https://qt.mirror.constant.com/online/qtsdkrepository/windows_x86/desktop/qt6_683/qt6_683/qt.qt6.683.win64_msvc2022_64/6.8.3-0-202503201308qtdeclarative-Windows-Windows_11_23H2-MSVC2022-Windows-Windows_11_23H2-X86_64.7z
2026-06-12 14:32:37,661 - aqt.helper - INFO - helper 45144 Redirected: qt.mirror.constant.com
2026-06-12 14:32:40,467 - aqt.installer - INFO - installer 44236 Finished installation of qtsvg-Windows-Windows_11_23H2-MSVC2022-Windows-Windows_11_23H2-X86_64.7z in 6.23014400
2026-06-12 14:32:40,497 - aqt.helper - DEBUG - helper 44236 Attempt to download checksum at https://download.qt.io/online/qtsdkrepository/windows_x86/desktop/qt6_683/qt6_683/qt.qt6.683.win64_msvc2022_64/6.8.3-0-202503201308qttranslations-Windows-Windows_11_23H2-MSVC2022-Windows-Windows_11_23H2-X86_64.7z.sha256
2026-06-12 14:32:42,250 - aqt.helper - INFO - helper 44236 Downloading qttranslations...
2026-06-12 14:32:42,251 - aqt.installer - DEBUG - installer 44236 Download URL: https://download.qt.io/online/qtsdkrepository/windows_x86/desktop/qt6_683/qt6_683/qt.qt6.683.win64_msvc2022_64/6.8.3-0-202503201308qttranslations-Windows-Windows_11_23H2-MSVC2022-Windows-Windows_11_23H2-X86_64.7z
2026-06-12 14:32:43,985 - aqt.helper - DEBUG - helper 44236 Asked to redirect(302) to: https://qt.mirror.constant.com/online/qtsdkrepository/windows_x86/desktop/qt6_683/qt6_683/qt.qt6.683.win64_msvc2022_64/6.8.3-0-202503201308qttranslations-Windows-Windows_11_23H2-MSVC2022-Windows-Windows_11_23H2-X86_64.7z
2026-06-12 14:32:43,985 - aqt.helper - INFO - helper 44236 Redirected: qt.mirror.constant.com
2026-06-12 14:32:45,375 - aqt.installer - INFO - installer 45376 Finished installation of qttools-Windows-Windows_11_23H2-MSVC2022-Windows-Windows_11_23H2-X86_64.7z in 11.11195050
2026-06-12 14:32:45,401 - aqt.helper - DEBUG - helper 45376 Attempt to download checksum at https://download.qt.io/online/qtsdkrepository/windows_x86/desktop/qt6_683/qt6_683/qt.qt6.683.win64_msvc2022_64/6.8.3-0-202503201308d3dcompiler_47-x64.7z.sha256
2026-06-12 14:32:47,198 - aqt.helper - INFO - helper 45376 Downloading d3dcompiler_47...
2026-06-12 14:32:47,198 - aqt.installer - DEBUG - installer 45376 Download URL: https://download.qt.io/online/qtsdkrepository/windows_x86/desktop/qt6_683/qt6_683/qt.qt6.683.win64_msvc2022_64/6.8.3-0-202503201308d3dcompiler_47-x64.7z
2026-06-12 14:32:48,097 - aqt.installer - INFO - installer 44236 Finished installation of qttranslations-Windows-Windows_11_23H2-MSVC2022-Windows-Windows_11_23H2-X86_64.7z in 7.60865240
2026-06-12 14:32:48,125 - aqt.helper - DEBUG - helper 44236 Attempt to download checksum at https://download.qt.io/online/qtsdkrepository/windows_x86/desktop/qt6_683/qt6_683/qt.qt6.683.win64_msvc2022_64/6.8.3-0-202503201308opengl32sw-64-mesa_11_2_2-signed_sha256.7z.sha256
2026-06-12 14:32:49,032 - aqt.helper - DEBUG - helper 45376 Asked to redirect(302) to: https://qt.mirror.constant.com/online/qtsdkrepository/windows_x86/desktop/qt6_683/qt6_683/qt.qt6.683.win64_msvc2022_64/6.8.3-0-202503201308d3dcompiler_47-x64.7z
2026-06-12 14:32:49,033 - aqt.helper - INFO - helper 45376 Redirected: qt.mirror.constant.com
2026-06-12 14:32:49,892 - aqt.helper - INFO - helper 44236 Downloading opengl32sw...
2026-06-12 14:32:49,892 - aqt.installer - DEBUG - installer 44236 Download URL: https://download.qt.io/online/qtsdkrepository/windows_x86/desktop/qt6_683/qt6_683/qt.qt6.683.win64_msvc2022_64/6.8.3-0-202503201308opengl32sw-64-mesa_11_2_2-signed_sha256.7z
2026-06-12 14:32:51,369 - aqt.installer - INFO - installer 45376 Finished installation of d3dcompiler_47-x64.7z in 5.97296540
2026-06-12 14:32:51,598 - aqt.helper - DEBUG - helper 44236 Asked to redirect(302) to: https://qt.mirror.constant.com/online/qtsdkrepository/windows_x86/desktop/qt6_683/qt6_683/qt.qt6.683.win64_msvc2022_64/6.8.3-0-202503201308opengl32sw-64-mesa_11_2_2-signed_sha256.7z
2026-06-12 14:32:51,598 - aqt.helper - INFO - helper 44236 Redirected: qt.mirror.constant.com
2026-06-12 14:32:53,759 - aqt.installer - INFO - installer 43436 Finished installation of qtbase-Windows-Windows_11_23H2-MSVC2022-Windows-Windows_11_23H2-X86_64.7z in 19.53578310
2026-06-12 14:32:54,600 - aqt.installer - INFO - installer 44236 Finished installation of opengl32sw-64-mesa_11_2_2-signed_sha256.7z in 6.48415850
2026-06-12 14:33:15,808 - aqt.installer - INFO - installer 45144 Finished installation of qtdeclarative-Windows-Windows_11_23H2-MSVC2022-Windows-Windows_11_23H2-X86_64.7z in 41.55896780
2026-06-12 14:33:16,569 - aqt.updater - INFO - updater 23916 Patching C:\Qt\6.8.3\msvc2022_64\bin\qmake.exe
2026-06-12 14:33:16,576 - aqt.updater - INFO - updater 23916 Patching C:\Qt\6.8.3\msvc2022_64\lib\Qt6Concurrent.prl
2026-06-12 14:33:16,584 - aqt.updater - INFO - updater 23916 Patching C:\Qt\6.8.3\msvc2022_64\lib\Qt6Concurrentd.prl
2026-06-12 14:33:16,591 - aqt.updater - INFO - updater 23916 Patching C:\Qt\6.8.3\msvc2022_64\lib\Qt6Core.prl
2026-06-12 14:33:16,608 - aqt.updater - INFO - updater 23916 Patching C:\Qt\6.8.3\msvc2022_64\lib\Qt6Cored.prl
2026-06-12 14:33:16,616 - aqt.updater - INFO - updater 23916 Patching C:\Qt\6.8.3\msvc2022_64\lib\Qt6DBus.prl
2026-06-12 14:33:16,624 - aqt.updater - INFO - updater 23916 Patching C:\Qt\6.8.3\msvc2022_64\lib\Qt6DBusd.prl
2026-06-12 14:33:16,632 - aqt.updater - INFO - updater 23916 Patching C:\Qt\6.8.3\msvc2022_64\lib\Qt6Designer.prl
2026-06-12 14:33:16,640 - aqt.updater - INFO - updater 23916 Patching C:\Qt\6.8.3\msvc2022_64\lib\Qt6DesignerComponents.prl
2026-06-12 14:33:16,647 - aqt.updater - INFO - updater 23916 Patching C:\Qt\6.8.3\msvc2022_64\lib\Qt6DesignerComponentsd.prl
2026-06-12 14:33:16,655 - aqt.updater - INFO - updater 23916 Patching C:\Qt\6.8.3\msvc2022_64\lib\Qt6Designerd.prl
2026-06-12 14:33:16,662 - aqt.updater - INFO - updater 23916 Patching C:\Qt\6.8.3\msvc2022_64\lib\Qt6DeviceDiscoverySupport.prl
2026-06-12 14:33:16,670 - aqt.updater - INFO - updater 23916 Patching C:\Qt\6.8.3\msvc2022_64\lib\Qt6DeviceDiscoverySupportd.prl
2026-06-12 14:33:16,677 - aqt.updater - INFO - updater 23916 Patching C:\Qt\6.8.3\msvc2022_64\lib\Qt6EntryPoint.prl
2026-06-12 14:33:16,683 - aqt.updater - INFO - updater 23916 Patching C:\Qt\6.8.3\msvc2022_64\lib\Qt6EntryPointd.prl
2026-06-12 14:33:16,688 - aqt.updater - INFO - updater 23916 Patching C:\Qt\6.8.3\msvc2022_64\lib\Qt6ExampleIcons.prl
2026-06-12 14:33:16,696 - aqt.updater - INFO - updater 23916 Patching C:\Qt\6.8.3\msvc2022_64\lib\Qt6ExampleIconsd.prl
2026-06-12 14:33:16,704 - aqt.updater - INFO - updater 23916 Patching C:\Qt\6.8.3\msvc2022_64\lib\Qt6ExamplesAssetDownloader.prl
2026-06-12 14:33:16,713 - aqt.updater - INFO - updater 23916 Patching C:\Qt\6.8.3\msvc2022_64\lib\Qt6ExamplesAssetDownloaderd.prl
2026-06-12 14:33:16,720 - aqt.updater - INFO - updater 23916 Patching C:\Qt\6.8.3\msvc2022_64\lib\Qt6FbSupport.prl
2026-06-12 14:33:16,728 - aqt.updater - INFO - updater 23916 Patching C:\Qt\6.8.3\msvc2022_64\lib\Qt6FbSupportd.prl
2026-06-12 14:33:16,734 - aqt.updater - INFO - updater 23916 Patching C:\Qt\6.8.3\msvc2022_64\lib\Qt6Gui.prl
2026-06-12 14:33:16,741 - aqt.updater - INFO - updater 23916 Patching C:\Qt\6.8.3\msvc2022_64\lib\Qt6Guid.prl
2026-06-12 14:33:16,748 - aqt.updater - INFO - updater 23916 Patching C:\Qt\6.8.3\msvc2022_64\lib\Qt6Help.prl
2026-06-12 14:33:16,756 - aqt.updater - INFO - updater 23916 Patching C:\Qt\6.8.3\msvc2022_64\lib\Qt6Helpd.prl
2026-06-12 14:33:16,762 - aqt.updater - INFO - updater 23916 Patching C:\Qt\6.8.3\msvc2022_64\lib\Qt6LabsAnimation.prl
2026-06-12 14:33:16,770 - aqt.updater - INFO - updater 23916 Patching C:\Qt\6.8.3\msvc2022_64\lib\Qt6LabsAnimationd.prl
2026-06-12 14:33:16,777 - aqt.updater - INFO - updater 23916 Patching C:\Qt\6.8.3\msvc2022_64\lib\Qt6LabsFolderListModel.prl
2026-06-12 14:33:16,801 - aqt.updater - INFO - updater 23916 Patching C:\Qt\6.8.3\msvc2022_64\lib\Qt6LabsFolderListModeld.prl
2026-06-12 14:33:16,807 - aqt.updater - INFO - updater 23916 Patching C:\Qt\6.8.3\msvc2022_64\lib\Qt6LabsPlatform.prl
2026-06-12 14:33:16,814 - aqt.updater - INFO - updater 23916 Patching C:\Qt\6.8.3\msvc2022_64\lib\Qt6LabsPlatformd.prl
2026-06-12 14:33:16,820 - aqt.updater - INFO - updater 23916 Patching C:\Qt\6.8.3\msvc2022_64\lib\Qt6LabsQmlModels.prl
2026-06-12 14:33:16,827 - aqt.updater - INFO - updater 23916 Patching C:\Qt\6.8.3\msvc2022_64\lib\Qt6LabsQmlModelsd.prl
2026-06-12 14:33:16,833 - aqt.updater - INFO - updater 23916 Patching C:\Qt\6.8.3\msvc2022_64\lib\Qt6LabsSettings.prl
2026-06-12 14:33:16,837 - aqt.updater - INFO - updater 23916 Patching C:\Qt\6.8.3\msvc2022_64\lib\Qt6LabsSettingsd.prl
2026-06-12 14:33:16,843 - aqt.updater - INFO - updater 23916 Patching C:\Qt\6.8.3\msvc2022_64\lib\Qt6LabsSharedImage.prl
2026-06-12 14:33:16,848 - aqt.updater - INFO - updater 23916 Patching C:\Qt\6.8.3\msvc2022_64\lib\Qt6LabsSharedImaged.prl
2026-06-12 14:33:16,856 - aqt.updater - INFO - updater 23916 Patching C:\Qt\6.8.3\msvc2022_64\lib\Qt6LabsWavefrontMesh.prl
2026-06-12 14:33:16,863 - aqt.updater - INFO - updater 23916 Patching C:\Qt\6.8.3\msvc2022_64\lib\Qt6LabsWavefrontMeshd.prl
2026-06-12 14:33:16,871 - aqt.updater - INFO - updater 23916 Patching C:\Qt\6.8.3\msvc2022_64\lib\Qt6Network.prl
2026-06-12 14:33:16,879 - aqt.updater - INFO - updater 23916 Patching C:\Qt\6.8.3\msvc2022_64\lib\Qt6Networkd.prl
2026-06-12 14:33:16,886 - aqt.updater - INFO - updater 23916 Patching C:\Qt\6.8.3\msvc2022_64\lib\Qt6OpenGL.prl
2026-06-12 14:33:16,894 - aqt.updater - INFO - updater 23916 Patching C:\Qt\6.8.3\msvc2022_64\lib\Qt6OpenGLd.prl
2026-06-12 14:33:16,901 - aqt.updater - INFO - updater 23916 Patching C:\Qt\6.8.3\msvc2022_64\lib\Qt6OpenGLWidgets.prl
2026-06-12 14:33:16,908 - aqt.updater - INFO - updater 23916 Patching C:\Qt\6.8.3\msvc2022_64\lib\Qt6OpenGLWidgetsd.prl
2026-06-12 14:33:16,914 - aqt.updater - INFO - updater 23916 Patching C:\Qt\6.8.3\msvc2022_64\lib\Qt6PacketProtocol.prl
2026-06-12 14:33:16,920 - aqt.updater - INFO - updater 23916 Patching C:\Qt\6.8.3\msvc2022_64\lib\Qt6PacketProtocold.prl
2026-06-12 14:33:16,929 - aqt.updater - INFO - updater 23916 Patching C:\Qt\6.8.3\msvc2022_64\lib\Qt6PrintSupport.prl
2026-06-12 14:33:16,937 - aqt.updater - INFO - updater 23916 Patching C:\Qt\6.8.3\msvc2022_64\lib\Qt6PrintSupportd.prl
2026-06-12 14:33:16,943 - aqt.updater - INFO - updater 23916 Patching C:\Qt\6.8.3\msvc2022_64\lib\Qt6Qml.prl
2026-06-12 14:33:16,950 - aqt.updater - INFO - updater 23916 Patching C:\Qt\6.8.3\msvc2022_64\lib\Qt6QmlAssetDownloader.prl
2026-06-12 14:33:16,957 - aqt.updater - INFO - updater 23916 Patching C:\Qt\6.8.3\msvc2022_64\lib\Qt6QmlAssetDownloaderd.prl
2026-06-12 14:33:16,965 - aqt.updater - INFO - updater 23916 Patching C:\Qt\6.8.3\msvc2022_64\lib\Qt6QmlCompiler.prl
2026-06-12 14:33:16,972 - aqt.updater - INFO - updater 23916 Patching C:\Qt\6.8.3\msvc2022_64\lib\Qt6QmlCompilerd.prl
2026-06-12 14:33:16,979 - aqt.updater - INFO - updater 23916 Patching C:\Qt\6.8.3\msvc2022_64\lib\Qt6QmlCore.prl
2026-06-12 14:33:16,987 - aqt.updater - INFO - updater 23916 Patching C:\Qt\6.8.3\msvc2022_64\lib\Qt6QmlCored.prl
2026-06-12 14:33:16,995 - aqt.updater - INFO - updater 23916 Patching C:\Qt\6.8.3\msvc2022_64\lib\Qt6Qmld.prl
2026-06-12 14:33:17,003 - aqt.updater - INFO - updater 23916 Patching C:\Qt\6.8.3\msvc2022_64\lib\Qt6QmlDebug.prl
2026-06-12 14:33:17,011 - aqt.updater - INFO - updater 23916 Patching C:\Qt\6.8.3\msvc2022_64\lib\Qt6QmlDebugd.prl
2026-06-12 14:33:17,019 - aqt.updater - INFO - updater 23916 Patching C:\Qt\6.8.3\msvc2022_64\lib\Qt6QmlDom.prl
2026-06-12 14:33:17,026 - aqt.updater - INFO - updater 23916 Patching C:\Qt\6.8.3\msvc2022_64\lib\Qt6QmlDomd.prl
2026-06-12 14:33:17,033 - aqt.updater - INFO - updater 23916 Patching C:\Qt\6.8.3\msvc2022_64\lib\Qt6QmlLocalStorage.prl
2026-06-12 14:33:17,040 - aqt.updater - INFO - updater 23916 Patching C:\Qt\6.8.3\msvc2022_64\lib\Qt6QmlLocalStoraged.prl
2026-06-12 14:33:17,046 - aqt.updater - INFO - updater 23916 Patching C:\Qt\6.8.3\msvc2022_64\lib\Qt6QmlLS.prl
2026-06-12 14:33:17,055 - aqt.updater - INFO - updater 23916 Patching C:\Qt\6.8.3\msvc2022_64\lib\Qt6QmlLSd.prl
2026-06-12 14:33:17,064 - aqt.updater - INFO - updater 23916 Patching C:\Qt\6.8.3\msvc2022_64\lib\Qt6QmlMeta.prl
2026-06-12 14:33:17,072 - aqt.updater - INFO - updater 23916 Patching C:\Qt\6.8.3\msvc2022_64\lib\Qt6QmlMetad.prl
2026-06-12 14:33:17,080 - aqt.updater - INFO - updater 23916 Patching C:\Qt\6.8.3\msvc2022_64\lib\Qt6QmlModels.prl
2026-06-12 14:33:17,087 - aqt.updater - INFO - updater 23916 Patching C:\Qt\6.8.3\msvc2022_64\lib\Qt6QmlModelsd.prl
2026-06-12 14:33:17,094 - aqt.updater - INFO - updater 23916 Patching C:\Qt\6.8.3\msvc2022_64\lib\Qt6QmlNetwork.prl
2026-06-12 14:33:17,100 - aqt.updater - INFO - updater 23916 Patching C:\Qt\6.8.3\msvc2022_64\lib\Qt6QmlNetworkd.prl
2026-06-12 14:33:17,108 - aqt.updater - INFO - updater 23916 Patching C:\Qt\6.8.3\msvc2022_64\lib\Qt6QmlToolingSettings.prl
2026-06-12 14:33:17,115 - aqt.updater - INFO - updater 23916 Patching C:\Qt\6.8.3\msvc2022_64\lib\Qt6QmlToolingSettingsd.prl
2026-06-12 14:33:17,120 - aqt.updater - INFO - updater 23916 Patching C:\Qt\6.8.3\msvc2022_64\lib\Qt6QmlTypeRegistrar.prl
2026-06-12 14:33:17,127 - aqt.updater - INFO - updater 23916 Patching C:\Qt\6.8.3\msvc2022_64\lib\Qt6QmlTypeRegistrard.prl
2026-06-12 14:33:17,133 - aqt.updater - INFO - updater 23916 Patching C:\Qt\6.8.3\msvc2022_64\lib\Qt6QmlWorkerScript.prl
2026-06-12 14:33:17,140 - aqt.updater - INFO - updater 23916 Patching C:\Qt\6.8.3\msvc2022_64\lib\Qt6QmlWorkerScriptd.prl
2026-06-12 14:33:17,146 - aqt.updater - INFO - updater 23916 Patching C:\Qt\6.8.3\msvc2022_64\lib\Qt6QmlXmlListModel.prl
2026-06-12 14:33:17,165 - aqt.updater - INFO - updater 23916 Patching C:\Qt\6.8.3\msvc2022_64\lib\Qt6QmlXmlListModeld.prl
2026-06-12 14:33:17,170 - aqt.updater - INFO - updater 23916 Patching C:\Qt\6.8.3\msvc2022_64\lib\Qt6Quick.prl
2026-06-12 14:33:17,177 - aqt.updater - INFO - updater 23916 Patching C:\Qt\6.8.3\msvc2022_64\lib\Qt6QuickControls2.prl
2026-06-12 14:33:17,183 - aqt.updater - INFO - updater 23916 Patching C:\Qt\6.8.3\msvc2022_64\lib\Qt6QuickControls2Basic.prl
2026-06-12 14:33:17,190 - aqt.updater - INFO - updater 23916 Patching C:\Qt\6.8.3\msvc2022_64\lib\Qt6QuickControls2Basicd.prl
2026-06-12 14:33:17,198 - aqt.updater - INFO - updater 23916 Patching C:\Qt\6.8.3\msvc2022_64\lib\Qt6QuickControls2BasicStyleImpl.prl
2026-06-12 14:33:17,204 - aqt.updater - INFO - updater 23916 Patching C:\Qt\6.8.3\msvc2022_64\lib\Qt6QuickControls2BasicStyleImpld.prl
2026-06-12 14:33:17,212 - aqt.updater - INFO - updater 23916 Patching C:\Qt\6.8.3\msvc2022_64\lib\Qt6QuickControls2d.prl
2026-06-12 14:33:17,219 - aqt.updater - INFO - updater 23916 Patching C:\Qt\6.8.3\msvc2022_64\lib\Qt6QuickControls2FluentWinUI3StyleImpl.prl
2026-06-12 14:33:17,226 - aqt.updater - INFO - updater 23916 Patching C:\Qt\6.8.3\msvc2022_64\lib\Qt6QuickControls2FluentWinUI3StyleImpld.prl
2026-06-12 14:33:17,234 - aqt.updater - INFO - updater 23916 Patching C:\Qt\6.8.3\msvc2022_64\lib\Qt6QuickControls2Fusion.prl
2026-06-12 14:33:17,241 - aqt.updater - INFO - updater 23916 Patching C:\Qt\6.8.3\msvc2022_64\lib\Qt6QuickControls2Fusiond.prl
2026-06-12 14:33:17,247 - aqt.updater - INFO - updater 23916 Patching C:\Qt\6.8.3\msvc2022_64\lib\Qt6QuickControls2FusionStyleImpl.prl
2026-06-12 14:33:17,254 - aqt.updater - INFO - updater 23916 Patching C:\Qt\6.8.3\msvc2022_64\lib\Qt6QuickControls2FusionStyleImpld.prl
2026-06-12 14:33:17,262 - aqt.updater - INFO - updater 23916 Patching C:\Qt\6.8.3\msvc2022_64\lib\Qt6QuickControls2Imagine.prl
2026-06-12 14:33:17,267 - aqt.updater - INFO - updater 23916 Patching C:\Qt\6.8.3\msvc2022_64\lib\Qt6QuickControls2Imagined.prl
2026-06-12 14:33:17,274 - aqt.updater - INFO - updater 23916 Patching C:\Qt\6.8.3\msvc2022_64\lib\Qt6QuickControls2ImagineStyleImpl.prl
2026-06-12 14:33:17,282 - aqt.updater - INFO - updater 23916 Patching C:\Qt\6.8.3\msvc2022_64\lib\Qt6QuickControls2ImagineStyleImpld.prl
2026-06-12 14:33:17,288 - aqt.updater - INFO - updater 23916 Patching C:\Qt\6.8.3\msvc2022_64\lib\Qt6QuickControls2Impl.prl
2026-06-12 14:33:17,296 - aqt.updater - INFO - updater 23916 Patching C:\Qt\6.8.3\msvc2022_64\lib\Qt6QuickControls2Impld.prl
2026-06-12 14:33:17,303 - aqt.updater - INFO - updater 23916 Patching C:\Qt\6.8.3\msvc2022_64\lib\Qt6QuickControls2Material.prl
2026-06-12 14:33:17,312 - aqt.updater - INFO - updater 23916 Patching C:\Qt\6.8.3\msvc2022_64\lib\Qt6QuickControls2Materiald.prl
2026-06-12 14:33:17,320 - aqt.updater - INFO - updater 23916 Patching C:\Qt\6.8.3\msvc2022_64\lib\Qt6QuickControls2MaterialStyleImpl.prl
2026-06-12 14:33:17,328 - aqt.updater - INFO - updater 23916 Patching C:\Qt\6.8.3\msvc2022_64\lib\Qt6QuickControls2MaterialStyleImpld.prl
2026-06-12 14:33:17,335 - aqt.updater - INFO - updater 23916 Patching C:\Qt\6.8.3\msvc2022_64\lib\Qt6QuickControls2Universal.prl
2026-06-12 14:33:17,344 - aqt.updater - INFO - updater 23916 Patching C:\Qt\6.8.3\msvc2022_64\lib\Qt6QuickControls2Universald.prl
2026-06-12 14:33:17,377 - aqt.updater - INFO - updater 23916 Patching C:\Qt\6.8.3\msvc2022_64\lib\Qt6QuickControls2UniversalStyleImpl.prl
2026-06-12 14:33:17,388 - aqt.updater - INFO - updater 23916 Patching C:\Qt\6.8.3\msvc2022_64\lib\Qt6QuickControls2UniversalStyleImpld.prl
2026-06-12 14:33:17,401 - aqt.updater - INFO - updater 23916 Patching C:\Qt\6.8.3\msvc2022_64\lib\Qt6QuickControls2WindowsStyleImpl.prl
2026-06-12 14:33:17,414 - aqt.updater - INFO - updater 23916 Patching C:\Qt\6.8.3\msvc2022_64\lib\Qt6QuickControls2WindowsStyleImpld.prl
2026-06-12 14:33:17,427 - aqt.updater - INFO - updater 23916 Patching C:\Qt\6.8.3\msvc2022_64\lib\Qt6QuickControlsTestUtils.prl
2026-06-12 14:33:17,434 - aqt.updater - INFO - updater 23916 Patching C:\Qt\6.8.3\msvc2022_64\lib\Qt6QuickControlsTestUtilsd.prl
2026-06-12 14:33:17,445 - aqt.updater - INFO - updater 23916 Patching C:\Qt\6.8.3\msvc2022_64\lib\Qt6Quickd.prl
2026-06-12 14:33:17,452 - aqt.updater - INFO - updater 23916 Patching C:\Qt\6.8.3\msvc2022_64\lib\Qt6QuickDialogs2.prl
2026-06-12 14:33:17,459 - aqt.updater - INFO - updater 23916 Patching C:\Qt\6.8.3\msvc2022_64\lib\Qt6QuickDialogs2d.prl
2026-06-12 14:33:17,467 - aqt.updater - INFO - updater 23916 Patching C:\Qt\6.8.3\msvc2022_64\lib\Qt6QuickDialogs2QuickImpl.prl
2026-06-12 14:33:17,476 - aqt.updater - INFO - updater 23916 Patching C:\Qt\6.8.3\msvc2022_64\lib\Qt6QuickDialogs2QuickImpld.prl
2026-06-12 14:33:17,485 - aqt.updater - INFO - updater 23916 Patching C:\Qt\6.8.3\msvc2022_64\lib\Qt6QuickDialogs2Utils.prl
2026-06-12 14:33:17,493 - aqt.updater - INFO - updater 23916 Patching C:\Qt\6.8.3\msvc2022_64\lib\Qt6QuickDialogs2Utilsd.prl
2026-06-12 14:33:17,501 - aqt.updater - INFO - updater 23916 Patching C:\Qt\6.8.3\msvc2022_64\lib\Qt6QuickEffects.prl
2026-06-12 14:33:17,511 - aqt.updater - INFO - updater 23916 Patching C:\Qt\6.8.3\msvc2022_64\lib\Qt6QuickEffectsd.prl
2026-06-12 14:33:17,519 - aqt.updater - INFO - updater 23916 Patching C:\Qt\6.8.3\msvc2022_64\lib\Qt6QuickLayouts.prl
2026-06-12 14:33:17,526 - aqt.updater - INFO - updater 23916 Patching C:\Qt\6.8.3\msvc2022_64\lib\Qt6QuickLayoutsd.prl
2026-06-12 14:33:17,533 - aqt.updater - INFO - updater 23916 Patching C:\Qt\6.8.3\msvc2022_64\lib\Qt6QuickParticles.prl
2026-06-12 14:33:17,543 - aqt.updater - INFO - updater 23916 Patching C:\Qt\6.8.3\msvc2022_64\lib\Qt6QuickParticlesd.prl
2026-06-12 14:33:17,550 - aqt.updater - INFO - updater 23916 Patching C:\Qt\6.8.3\msvc2022_64\lib\Qt6QuickShapes.prl
2026-06-12 14:33:17,557 - aqt.updater - INFO - updater 23916 Patching C:\Qt\6.8.3\msvc2022_64\lib\Qt6QuickShapesd.prl
2026-06-12 14:33:17,564 - aqt.updater - INFO - updater 23916 Patching C:\Qt\6.8.3\msvc2022_64\lib\Qt6QuickTemplates2.prl
2026-06-12 14:33:17,572 - aqt.updater - INFO - updater 23916 Patching C:\Qt\6.8.3\msvc2022_64\lib\Qt6QuickTemplates2d.prl
2026-06-12 14:33:17,580 - aqt.updater - INFO - updater 23916 Patching C:\Qt\6.8.3\msvc2022_64\lib\Qt6QuickTest.prl
2026-06-12 14:33:17,587 - aqt.updater - INFO - updater 23916 Patching C:\Qt\6.8.3\msvc2022_64\lib\Qt6QuickTestd.prl
2026-06-12 14:33:17,594 - aqt.updater - INFO - updater 23916 Patching C:\Qt\6.8.3\msvc2022_64\lib\Qt6QuickTestUtils.prl
2026-06-12 14:33:17,601 - aqt.updater - INFO - updater 23916 Patching C:\Qt\6.8.3\msvc2022_64\lib\Qt6QuickTestUtilsd.prl
2026-06-12 14:33:17,610 - aqt.updater - INFO - updater 23916 Patching C:\Qt\6.8.3\msvc2022_64\lib\Qt6QuickVectorImage.prl
2026-06-12 14:33:17,618 - aqt.updater - INFO - updater 23916 Patching C:\Qt\6.8.3\msvc2022_64\lib\Qt6QuickVectorImaged.prl
2026-06-12 14:33:17,625 - aqt.updater - INFO - updater 23916 Patching C:\Qt\6.8.3\msvc2022_64\lib\Qt6QuickVectorImageGenerator.prl
2026-06-12 14:33:17,632 - aqt.updater - INFO - updater 23916 Patching C:\Qt\6.8.3\msvc2022_64\lib\Qt6QuickVectorImageGeneratord.prl
2026-06-12 14:33:17,639 - aqt.updater - INFO - updater 23916 Patching C:\Qt\6.8.3\msvc2022_64\lib\Qt6QuickWidgets.prl
2026-06-12 14:33:17,647 - aqt.updater - INFO - updater 23916 Patching C:\Qt\6.8.3\msvc2022_64\lib\Qt6QuickWidgetsd.prl
2026-06-12 14:33:17,655 - aqt.updater - INFO - updater 23916 Patching C:\Qt\6.8.3\msvc2022_64\lib\Qt6Sql.prl
2026-06-12 14:33:17,662 - aqt.updater - INFO - updater 23916 Patching C:\Qt\6.8.3\msvc2022_64\lib\Qt6Sqld.prl
2026-06-12 14:33:17,671 - aqt.updater - INFO - updater 23916 Patching C:\Qt\6.8.3\msvc2022_64\lib\Qt6Svg.prl
2026-06-12 14:33:17,676 - aqt.updater - INFO - updater 23916 Patching C:\Qt\6.8.3\msvc2022_64\lib\Qt6Svgd.prl
2026-06-12 14:33:17,680 - aqt.updater - INFO - updater 23916 Patching C:\Qt\6.8.3\msvc2022_64\lib\Qt6SvgWidgets.prl
2026-06-12 14:33:17,684 - aqt.updater - INFO - updater 23916 Patching C:\Qt\6.8.3\msvc2022_64\lib\Qt6SvgWidgetsd.prl
2026-06-12 14:33:17,691 - aqt.updater - INFO - updater 23916 Patching C:\Qt\6.8.3\msvc2022_64\lib\Qt6Test.prl
2026-06-12 14:33:17,699 - aqt.updater - INFO - updater 23916 Patching C:\Qt\6.8.3\msvc2022_64\lib\Qt6Testd.prl
2026-06-12 14:33:17,707 - aqt.updater - INFO - updater 23916 Patching C:\Qt\6.8.3\msvc2022_64\lib\Qt6UiTools.prl
2026-06-12 14:33:17,715 - aqt.updater - INFO - updater 23916 Patching C:\Qt\6.8.3\msvc2022_64\lib\Qt6UiToolsd.prl
2026-06-12 14:33:17,723 - aqt.updater - INFO - updater 23916 Patching C:\Qt\6.8.3\msvc2022_64\lib\Qt6Widgets.prl
2026-06-12 14:33:17,731 - aqt.updater - INFO - updater 23916 Patching C:\Qt\6.8.3\msvc2022_64\lib\Qt6Widgetsd.prl
2026-06-12 14:33:17,739 - aqt.updater - INFO - updater 23916 Patching C:\Qt\6.8.3\msvc2022_64\lib\Qt6Xml.prl
2026-06-12 14:33:17,746 - aqt.updater - INFO - updater 23916 Patching C:\Qt\6.8.3\msvc2022_64\lib\Qt6Xmld.prl
2026-06-12 14:33:17,765 - aqt.main - INFO - installer 23916 Finished installation
2026-06-12 14:33:17,765 - aqt.main - INFO - installer 23916 Time elapsed: 54.02049920 second
2026-06-12 14:33:25,065 - aqt.main - INFO - installer 47788 aqtinstall(aqt) v3.3.0 on Python 3.12.10 [CPython MSC v.1943 64 bit (AMD64)]
2026-06-12 14:33:25,066 - aqt.helper - DEBUG - helper 47788 Attempt to download checksum at https://download.qt.io/online/qtsdkrepository/windows_x86/desktop/qt6_683/qt6_683/Updates.xml.sha256
2026-06-12 14:33:28,559 - aqt.helper - DEBUG - helper 47788 Attempt to download checksum at https://download.qt.io/online/qtsdkrepository/windows_x86/extensions/qtwebengine/683/msvc2022_64/Updates.xml.sha256
2026-06-12 14:33:32,064 - aqt.archives - INFO - archives 47788 Found extension qtwebengine
2026-06-12 14:33:32,065 - aqt.helper - DEBUG - helper 47788 Attempt to download checksum at https://download.qt.io/online/qtsdkrepository/windows_x86/extensions/qtpdf/683/msvc2022_64/Updates.xml.sha256
2026-06-12 14:33:35,527 - aqt.archives - INFO - archives 47788 Found extension qtpdf
2026-06-12 14:33:36,333 - aqt.helper - DEBUG - helper 15844 Attempt to download checksum at https://download.qt.io/online/qtsdkrepository/windows_x86/desktop/qt6_683/qt6_683/qt.qt6.683.addons.qtmultimedia.win64_msvc2022_64/6.8.3-0-202503201308qtmultimedia-Windows-Windows_11_23H2-MSVC2022-Windows-Windows_11_23H2-X86_64.7z.sha256
2026-06-12 14:33:36,346 - aqt.helper - DEBUG - helper 30584 Attempt to download checksum at https://download.qt.io/online/qtsdkrepository/windows_x86/desktop/qt6_683/qt6_683/qt.qt6.683.win64_msvc2022_64/6.8.3-0-202503201308qtbase-Windows-Windows_11_23H2-MSVC2022-Windows-Windows_11_23H2-X86_64.7z.sha256
2026-06-12 14:33:36,364 - aqt.helper - DEBUG - helper 44636 Attempt to download checksum at https://download.qt.io/online/qtsdkrepository/windows_x86/desktop/qt6_683/qt6_683/qt.qt6.683.win64_msvc2022_64/6.8.3-0-202503201308qtsvg-Windows-Windows_11_23H2-MSVC2022-Windows-Windows_11_23H2-X86_64.7z.sha256
2026-06-12 14:33:36,372 - aqt.helper - DEBUG - helper 23884 Attempt to download checksum at https://download.qt.io/online/qtsdkrepository/windows_x86/desktop/qt6_683/qt6_683/qt.qt6.683.win64_msvc2022_64/6.8.3-0-202503201308qtdeclarative-Windows-Windows_11_23H2-MSVC2022-Windows-Windows_11_23H2-X86_64.7z.sha256
2026-06-12 14:33:38,037 - aqt.helper - INFO - helper 44636 Downloading qtsvg...
2026-06-12 14:33:38,041 - aqt.helper - INFO - helper 23884 Downloading qtdeclarative...
2026-06-12 14:33:38,037 - aqt.installer - DEBUG - installer 44636 Download URL: https://download.qt.io/online/qtsdkrepository/windows_x86/desktop/qt6_683/qt6_683/qt.qt6.683.win64_msvc2022_64/6.8.3-0-202503201308qtsvg-Windows-Windows_11_23H2-MSVC2022-Windows-Windows_11_23H2-X86_64.7z
2026-06-12 14:33:38,041 - aqt.installer - DEBUG - installer 23884 Download URL: https://download.qt.io/online/qtsdkrepository/windows_x86/desktop/qt6_683/qt6_683/qt.qt6.683.win64_msvc2022_64/6.8.3-0-202503201308qtdeclarative-Windows-Windows_11_23H2-MSVC2022-Windows-Windows_11_23H2-X86_64.7z
2026-06-12 14:33:38,107 - aqt.helper - INFO - helper 30584 Downloading qtbase...
2026-06-12 14:33:38,107 - aqt.installer - DEBUG - installer 30584 Download URL: https://download.qt.io/online/qtsdkrepository/windows_x86/desktop/qt6_683/qt6_683/qt.qt6.683.win64_msvc2022_64/6.8.3-0-202503201308qtbase-Windows-Windows_11_23H2-MSVC2022-Windows-Windows_11_23H2-X86_64.7z
2026-06-12 14:33:38,149 - aqt.helper - INFO - helper 15844 Downloading qtmultimedia...
2026-06-12 14:33:38,149 - aqt.installer - DEBUG - installer 15844 Download URL: https://download.qt.io/online/qtsdkrepository/windows_x86/desktop/qt6_683/qt6_683/qt.qt6.683.addons.qtmultimedia.win64_msvc2022_64/6.8.3-0-202503201308qtmultimedia-Windows-Windows_11_23H2-MSVC2022-Windows-Windows_11_23H2-X86_64.7z
2026-06-12 14:33:39,883 - aqt.helper - DEBUG - helper 23884 Asked to redirect(302) to: https://qt.mirror.constant.com/online/qtsdkrepository/windows_x86/desktop/qt6_683/qt6_683/qt.qt6.683.win64_msvc2022_64/6.8.3-0-202503201308qtdeclarative-Windows-Windows_11_23H2-MSVC2022-Windows-Windows_11_23H2-X86_64.7z
2026-06-12 14:33:39,884 - aqt.helper - INFO - helper 23884 Redirected: qt.mirror.constant.com
2026-06-12 14:33:39,934 - aqt.helper - DEBUG - helper 44636 Asked to redirect(302) to: https://qt.mirror.constant.com/online/qtsdkrepository/windows_x86/desktop/qt6_683/qt6_683/qt.qt6.683.win64_msvc2022_64/6.8.3-0-202503201308qtsvg-Windows-Windows_11_23H2-MSVC2022-Windows-Windows_11_23H2-X86_64.7z
2026-06-12 14:33:39,934 - aqt.helper - INFO - helper 44636 Redirected: qt.mirror.constant.com
2026-06-12 14:33:40,025 - aqt.helper - DEBUG - helper 30584 Asked to redirect(302) to: https://qt.mirror.constant.com/online/qtsdkrepository/windows_x86/desktop/qt6_683/qt6_683/qt.qt6.683.win64_msvc2022_64/6.8.3-0-202503201308qtbase-Windows-Windows_11_23H2-MSVC2022-Windows-Windows_11_23H2-X86_64.7z
2026-06-12 14:33:40,025 - aqt.helper - INFO - helper 30584 Redirected: qt.mirror.constant.com
2026-06-12 14:33:40,059 - aqt.helper - DEBUG - helper 15844 Asked to redirect(302) to: https://qt.mirror.constant.com/online/qtsdkrepository/windows_x86/desktop/qt6_683/qt6_683/qt.qt6.683.addons.qtmultimedia.win64_msvc2022_64/6.8.3-0-202503201308qtmultimedia-Windows-Windows_11_23H2-MSVC2022-Windows-Windows_11_23H2-X86_64.7z
2026-06-12 14:33:40,060 - aqt.helper - INFO - helper 15844 Redirected: qt.mirror.constant.com
2026-06-12 14:33:42,883 - aqt.installer - INFO - installer 44636 Finished installation of qtsvg-Windows-Windows_11_23H2-MSVC2022-Windows-Windows_11_23H2-X86_64.7z in 6.52171880
2026-06-12 14:33:42,911 - aqt.helper - DEBUG - helper 44636 Attempt to download checksum at https://download.qt.io/online/qtsdkrepository/windows_x86/desktop/qt6_683/qt6_683/qt.qt6.683.win64_msvc2022_64/6.8.3-0-202503201308qttools-Windows-Windows_11_23H2-MSVC2022-Windows-Windows_11_23H2-X86_64.7z.sha256
2026-06-12 14:33:44,749 - aqt.helper - INFO - helper 44636 Downloading qttools...
2026-06-12 14:33:44,749 - aqt.installer - DEBUG - installer 44636 Download URL: https://download.qt.io/online/qtsdkrepository/windows_x86/desktop/qt6_683/qt6_683/qt.qt6.683.win64_msvc2022_64/6.8.3-0-202503201308qttools-Windows-Windows_11_23H2-MSVC2022-Windows-Windows_11_23H2-X86_64.7z
2026-06-12 14:33:46,618 - aqt.helper - DEBUG - helper 44636 Asked to redirect(302) to: https://qt.mirror.constant.com/online/qtsdkrepository/windows_x86/desktop/qt6_683/qt6_683/qt.qt6.683.win64_msvc2022_64/6.8.3-0-202503201308qttools-Windows-Windows_11_23H2-MSVC2022-Windows-Windows_11_23H2-X86_64.7z
2026-06-12 14:33:46,618 - aqt.helper - INFO - helper 44636 Redirected: qt.mirror.constant.com
2026-06-12 14:33:53,056 - aqt.installer - INFO - installer 15844 Finished installation of qtmultimedia-Windows-Windows_11_23H2-MSVC2022-Windows-Windows_11_23H2-X86_64.7z in 16.72421070
2026-06-12 14:33:53,107 - aqt.helper - DEBUG - helper 15844 Attempt to download checksum at https://download.qt.io/online/qtsdkrepository/windows_x86/desktop/qt6_683/qt6_683/qt.qt6.683.win64_msvc2022_64/6.8.3-0-202503201308qttranslations-Windows-Windows_11_23H2-MSVC2022-Windows-Windows_11_23H2-X86_64.7z.sha256
2026-06-12 14:33:55,103 - aqt.helper - INFO - helper 15844 Downloading qttranslations...
2026-06-12 14:33:55,103 - aqt.installer - DEBUG - installer 15844 Download URL: https://download.qt.io/online/qtsdkrepository/windows_x86/desktop/qt6_683/qt6_683/qt.qt6.683.win64_msvc2022_64/6.8.3-0-202503201308qttranslations-Windows-Windows_11_23H2-MSVC2022-Windows-Windows_11_23H2-X86_64.7z
2026-06-12 14:33:55,856 - aqt.installer - INFO - installer 44636 Finished installation of qttools-Windows-Windows_11_23H2-MSVC2022-Windows-Windows_11_23H2-X86_64.7z in 12.95459340
2026-06-12 14:33:55,886 - aqt.helper - DEBUG - helper 44636 Attempt to download checksum at https://download.qt.io/online/qtsdkrepository/windows_x86/desktop/qt6_683/qt6_683/qt.qt6.683.win64_msvc2022_64/6.8.3-0-202503201308d3dcompiler_47-x64.7z.sha256
2026-06-12 14:33:57,020 - aqt.helper - DEBUG - helper 15844 Asked to redirect(302) to: https://qt.mirror.constant.com/online/qtsdkrepository/windows_x86/desktop/qt6_683/qt6_683/qt.qt6.683.win64_msvc2022_64/6.8.3-0-202503201308qttranslations-Windows-Windows_11_23H2-MSVC2022-Windows-Windows_11_23H2-X86_64.7z
2026-06-12 14:33:57,020 - aqt.helper - INFO - helper 15844 Redirected: qt.mirror.constant.com
2026-06-12 14:33:57,853 - aqt.helper - INFO - helper 44636 Downloading d3dcompiler_47...
2026-06-12 14:33:57,853 - aqt.installer - DEBUG - installer 44636 Download URL: https://download.qt.io/online/qtsdkrepository/windows_x86/desktop/qt6_683/qt6_683/qt.qt6.683.win64_msvc2022_64/6.8.3-0-202503201308d3dcompiler_47-x64.7z
2026-06-12 14:33:59,752 - aqt.helper - DEBUG - helper 44636 Asked to redirect(302) to: https://qt.mirror.constant.com/online/qtsdkrepository/windows_x86/desktop/qt6_683/qt6_683/qt.qt6.683.win64_msvc2022_64/6.8.3-0-202503201308d3dcompiler_47-x64.7z
2026-06-12 14:33:59,752 - aqt.helper - INFO - helper 44636 Redirected: qt.mirror.constant.com
2026-06-12 14:34:00,945 - aqt.installer - INFO - installer 15844 Finished installation of qttranslations-Windows-Windows_11_23H2-MSVC2022-Windows-Windows_11_23H2-X86_64.7z in 7.84575350
2026-06-12 14:34:00,965 - aqt.helper - DEBUG - helper 15844 Attempt to download checksum at https://download.qt.io/online/qtsdkrepository/windows_x86/desktop/qt6_683/qt6_683/qt.qt6.683.win64_msvc2022_64/6.8.3-0-202503201308opengl32sw-64-mesa_11_2_2-signed_sha256.7z.sha256
2026-06-12 14:34:02,463 - aqt.installer - INFO - installer 44636 Finished installation of d3dcompiler_47-x64.7z in 6.58568980
2026-06-12 14:34:02,929 - aqt.helper - INFO - helper 15844 Downloading opengl32sw...
2026-06-12 14:34:02,930 - aqt.installer - DEBUG - installer 15844 Download URL: https://download.qt.io/online/qtsdkrepository/windows_x86/desktop/qt6_683/qt6_683/qt.qt6.683.win64_msvc2022_64/6.8.3-0-202503201308opengl32sw-64-mesa_11_2_2-signed_sha256.7z
2026-06-12 14:34:05,035 - aqt.helper - DEBUG - helper 15844 Asked to redirect(302) to: https://qt.mirror.constant.com/online/qtsdkrepository/windows_x86/desktop/qt6_683/qt6_683/qt.qt6.683.win64_msvc2022_64/6.8.3-0-202503201308opengl32sw-64-mesa_11_2_2-signed_sha256.7z
2026-06-12 14:34:05,035 - aqt.helper - INFO - helper 15844 Redirected: qt.mirror.constant.com
2026-06-12 14:34:05,256 - aqt.installer - INFO - installer 30584 Finished installation of qtbase-Windows-Windows_11_23H2-MSVC2022-Windows-Windows_11_23H2-X86_64.7z in 28.91302260
2026-06-12 14:34:08,431 - aqt.installer - INFO - installer 15844 Finished installation of opengl32sw-64-mesa_11_2_2-signed_sha256.7z in 7.47067770
2026-06-12 14:34:24,835 - aqt.installer - INFO - installer 23884 Finished installation of qtdeclarative-Windows-Windows_11_23H2-MSVC2022-Windows-Windows_11_23H2-X86_64.7z in 48.46713950
2026-06-12 14:34:25,574 - aqt.updater - INFO - updater 47788 Patching C:\Qt\6.8.3\msvc2022_64\bin\qmake.exe
2026-06-12 14:34:25,581 - aqt.updater - INFO - updater 47788 Patching C:\Qt\6.8.3\msvc2022_64\lib\Qt6Concurrent.prl
2026-06-12 14:34:25,588 - aqt.updater - INFO - updater 47788 Patching C:\Qt\6.8.3\msvc2022_64\lib\Qt6Concurrentd.prl
2026-06-12 14:34:25,593 - aqt.updater - INFO - updater 47788 Patching C:\Qt\6.8.3\msvc2022_64\lib\Qt6Core.prl
2026-06-12 14:34:25,601 - aqt.updater - INFO - updater 47788 Patching C:\Qt\6.8.3\msvc2022_64\lib\Qt6Cored.prl
2026-06-12 14:34:25,607 - aqt.updater - INFO - updater 47788 Patching C:\Qt\6.8.3\msvc2022_64\lib\Qt6DBus.prl
2026-06-12 14:34:25,614 - aqt.updater - INFO - updater 47788 Patching C:\Qt\6.8.3\msvc2022_64\lib\Qt6DBusd.prl
2026-06-12 14:34:25,619 - aqt.updater - INFO - updater 47788 Patching C:\Qt\6.8.3\msvc2022_64\lib\Qt6Designer.prl
2026-06-12 14:34:25,626 - aqt.updater - INFO - updater 47788 Patching C:\Qt\6.8.3\msvc2022_64\lib\Qt6DesignerComponents.prl
2026-06-12 14:34:25,632 - aqt.updater - INFO - updater 47788 Patching C:\Qt\6.8.3\msvc2022_64\lib\Qt6DesignerComponentsd.prl
2026-06-12 14:34:25,637 - aqt.updater - INFO - updater 47788 Patching C:\Qt\6.8.3\msvc2022_64\lib\Qt6Designerd.prl
2026-06-12 14:34:25,642 - aqt.updater - INFO - updater 47788 Patching C:\Qt\6.8.3\msvc2022_64\lib\Qt6DeviceDiscoverySupport.prl
2026-06-12 14:34:25,651 - aqt.updater - INFO - updater 47788 Patching C:\Qt\6.8.3\msvc2022_64\lib\Qt6DeviceDiscoverySupportd.prl
2026-06-12 14:34:25,657 - aqt.updater - INFO - updater 47788 Patching C:\Qt\6.8.3\msvc2022_64\lib\Qt6EntryPoint.prl
2026-06-12 14:34:25,665 - aqt.updater - INFO - updater 47788 Patching C:\Qt\6.8.3\msvc2022_64\lib\Qt6EntryPointd.prl
2026-06-12 14:34:25,670 - aqt.updater - INFO - updater 47788 Patching C:\Qt\6.8.3\msvc2022_64\lib\Qt6ExampleIcons.prl
2026-06-12 14:34:25,676 - aqt.updater - INFO - updater 47788 Patching C:\Qt\6.8.3\msvc2022_64\lib\Qt6ExampleIconsd.prl
2026-06-12 14:34:25,681 - aqt.updater - INFO - updater 47788 Patching C:\Qt\6.8.3\msvc2022_64\lib\Qt6ExamplesAssetDownloader.prl
2026-06-12 14:34:25,689 - aqt.updater - INFO - updater 47788 Patching C:\Qt\6.8.3\msvc2022_64\lib\Qt6ExamplesAssetDownloaderd.prl
2026-06-12 14:34:25,696 - aqt.updater - INFO - updater 47788 Patching C:\Qt\6.8.3\msvc2022_64\lib\Qt6FbSupport.prl
2026-06-12 14:34:25,702 - aqt.updater - INFO - updater 47788 Patching C:\Qt\6.8.3\msvc2022_64\lib\Qt6FbSupportd.prl
2026-06-12 14:34:25,709 - aqt.updater - INFO - updater 47788 Patching C:\Qt\6.8.3\msvc2022_64\lib\Qt6FFmpegMediaPluginImpl.prl
2026-06-12 14:34:25,715 - aqt.updater - INFO - updater 47788 Patching C:\Qt\6.8.3\msvc2022_64\lib\Qt6FFmpegMediaPluginImpld.prl
2026-06-12 14:34:25,724 - aqt.updater - INFO - updater 47788 Patching C:\Qt\6.8.3\msvc2022_64\lib\Qt6Gui.prl
2026-06-12 14:34:25,729 - aqt.updater - INFO - updater 47788 Patching C:\Qt\6.8.3\msvc2022_64\lib\Qt6Guid.prl
2026-06-12 14:34:25,737 - aqt.updater - INFO - updater 47788 Patching C:\Qt\6.8.3\msvc2022_64\lib\Qt6Help.prl
2026-06-12 14:34:25,742 - aqt.updater - INFO - updater 47788 Patching C:\Qt\6.8.3\msvc2022_64\lib\Qt6Helpd.prl
2026-06-12 14:34:25,749 - aqt.updater - INFO - updater 47788 Patching C:\Qt\6.8.3\msvc2022_64\lib\Qt6LabsAnimation.prl
2026-06-12 14:34:25,756 - aqt.updater - INFO - updater 47788 Patching C:\Qt\6.8.3\msvc2022_64\lib\Qt6LabsAnimationd.prl
2026-06-12 14:34:25,763 - aqt.updater - INFO - updater 47788 Patching C:\Qt\6.8.3\msvc2022_64\lib\Qt6LabsFolderListModel.prl
2026-06-12 14:34:25,778 - aqt.updater - INFO - updater 47788 Patching C:\Qt\6.8.3\msvc2022_64\lib\Qt6LabsFolderListModeld.prl
2026-06-12 14:34:25,784 - aqt.updater - INFO - updater 47788 Patching C:\Qt\6.8.3\msvc2022_64\lib\Qt6LabsPlatform.prl
2026-06-12 14:34:25,789 - aqt.updater - INFO - updater 47788 Patching C:\Qt\6.8.3\msvc2022_64\lib\Qt6LabsPlatformd.prl
2026-06-12 14:34:25,795 - aqt.updater - INFO - updater 47788 Patching C:\Qt\6.8.3\msvc2022_64\lib\Qt6LabsQmlModels.prl
2026-06-12 14:34:25,801 - aqt.updater - INFO - updater 47788 Patching C:\Qt\6.8.3\msvc2022_64\lib\Qt6LabsQmlModelsd.prl
2026-06-12 14:34:25,807 - aqt.updater - INFO - updater 47788 Patching C:\Qt\6.8.3\msvc2022_64\lib\Qt6LabsSettings.prl
2026-06-12 14:34:25,813 - aqt.updater - INFO - updater 47788 Patching C:\Qt\6.8.3\msvc2022_64\lib\Qt6LabsSettingsd.prl
2026-06-12 14:34:25,818 - aqt.updater - INFO - updater 47788 Patching C:\Qt\6.8.3\msvc2022_64\lib\Qt6LabsSharedImage.prl
2026-06-12 14:34:25,824 - aqt.updater - INFO - updater 47788 Patching C:\Qt\6.8.3\msvc2022_64\lib\Qt6LabsSharedImaged.prl
2026-06-12 14:34:25,829 - aqt.updater - INFO - updater 47788 Patching C:\Qt\6.8.3\msvc2022_64\lib\Qt6LabsWavefrontMesh.prl
2026-06-12 14:34:25,836 - aqt.updater - INFO - updater 47788 Patching C:\Qt\6.8.3\msvc2022_64\lib\Qt6LabsWavefrontMeshd.prl
2026-06-12 14:34:25,841 - aqt.updater - INFO - updater 47788 Patching C:\Qt\6.8.3\msvc2022_64\lib\Qt6Multimedia.prl
2026-06-12 14:34:25,847 - aqt.updater - INFO - updater 47788 Patching C:\Qt\6.8.3\msvc2022_64\lib\Qt6Multimediad.prl
2026-06-12 14:34:25,853 - aqt.updater - INFO - updater 47788 Patching C:\Qt\6.8.3\msvc2022_64\lib\Qt6MultimediaQuick.prl
2026-06-12 14:34:25,858 - aqt.updater - INFO - updater 47788 Patching C:\Qt\6.8.3\msvc2022_64\lib\Qt6MultimediaQuickd.prl
2026-06-12 14:34:25,865 - aqt.updater - INFO - updater 47788 Patching C:\Qt\6.8.3\msvc2022_64\lib\Qt6MultimediaTestLib.prl
2026-06-12 14:34:25,873 - aqt.updater - INFO - updater 47788 Patching C:\Qt\6.8.3\msvc2022_64\lib\Qt6MultimediaTestLibd.prl
2026-06-12 14:34:25,881 - aqt.updater - INFO - updater 47788 Patching C:\Qt\6.8.3\msvc2022_64\lib\Qt6MultimediaWidgets.prl
2026-06-12 14:34:25,887 - aqt.updater - INFO - updater 47788 Patching C:\Qt\6.8.3\msvc2022_64\lib\Qt6MultimediaWidgetsd.prl
2026-06-12 14:34:25,892 - aqt.updater - INFO - updater 47788 Patching C:\Qt\6.8.3\msvc2022_64\lib\Qt6Network.prl
2026-06-12 14:34:25,898 - aqt.updater - INFO - updater 47788 Patching C:\Qt\6.8.3\msvc2022_64\lib\Qt6Networkd.prl
2026-06-12 14:34:25,903 - aqt.updater - INFO - updater 47788 Patching C:\Qt\6.8.3\msvc2022_64\lib\Qt6OpenGL.prl
2026-06-12 14:34:25,910 - aqt.updater - INFO - updater 47788 Patching C:\Qt\6.8.3\msvc2022_64\lib\Qt6OpenGLd.prl
2026-06-12 14:34:25,915 - aqt.updater - INFO - updater 47788 Patching C:\Qt\6.8.3\msvc2022_64\lib\Qt6OpenGLWidgets.prl
2026-06-12 14:34:25,920 - aqt.updater - INFO - updater 47788 Patching C:\Qt\6.8.3\msvc2022_64\lib\Qt6OpenGLWidgetsd.prl
2026-06-12 14:34:25,927 - aqt.updater - INFO - updater 47788 Patching C:\Qt\6.8.3\msvc2022_64\lib\Qt6PacketProtocol.prl
2026-06-12 14:34:25,937 - aqt.updater - INFO - updater 47788 Patching C:\Qt\6.8.3\msvc2022_64\lib\Qt6PacketProtocold.prl
2026-06-12 14:34:25,943 - aqt.updater - INFO - updater 47788 Patching C:\Qt\6.8.3\msvc2022_64\lib\Qt6PrintSupport.prl
2026-06-12 14:34:25,950 - aqt.updater - INFO - updater 47788 Patching C:\Qt\6.8.3\msvc2022_64\lib\Qt6PrintSupportd.prl
2026-06-12 14:34:25,957 - aqt.updater - INFO - updater 47788 Patching C:\Qt\6.8.3\msvc2022_64\lib\Qt6Qml.prl
2026-06-12 14:34:25,963 - aqt.updater - INFO - updater 47788 Patching C:\Qt\6.8.3\msvc2022_64\lib\Qt6QmlAssetDownloader.prl
2026-06-12 14:34:25,969 - aqt.updater - INFO - updater 47788 Patching C:\Qt\6.8.3\msvc2022_64\lib\Qt6QmlAssetDownloaderd.prl
2026-06-12 14:34:25,976 - aqt.updater - INFO - updater 47788 Patching C:\Qt\6.8.3\msvc2022_64\lib\Qt6QmlCompiler.prl
2026-06-12 14:34:25,983 - aqt.updater - INFO - updater 47788 Patching C:\Qt\6.8.3\msvc2022_64\lib\Qt6QmlCompilerd.prl
2026-06-12 14:34:25,989 - aqt.updater - INFO - updater 47788 Patching C:\Qt\6.8.3\msvc2022_64\lib\Qt6QmlCore.prl
2026-06-12 14:34:25,995 - aqt.updater - INFO - updater 47788 Patching C:\Qt\6.8.3\msvc2022_64\lib\Qt6QmlCored.prl
2026-06-12 14:34:26,000 - aqt.updater - INFO - updater 47788 Patching C:\Qt\6.8.3\msvc2022_64\lib\Qt6Qmld.prl
2026-06-12 14:34:26,006 - aqt.updater - INFO - updater 47788 Patching C:\Qt\6.8.3\msvc2022_64\lib\Qt6QmlDebug.prl
2026-06-12 14:34:26,013 - aqt.updater - INFO - updater 47788 Patching C:\Qt\6.8.3\msvc2022_64\lib\Qt6QmlDebugd.prl
2026-06-12 14:34:26,018 - aqt.updater - INFO - updater 47788 Patching C:\Qt\6.8.3\msvc2022_64\lib\Qt6QmlDom.prl
2026-06-12 14:34:26,025 - aqt.updater - INFO - updater 47788 Patching C:\Qt\6.8.3\msvc2022_64\lib\Qt6QmlDomd.prl
2026-06-12 14:34:26,032 - aqt.updater - INFO - updater 47788 Patching C:\Qt\6.8.3\msvc2022_64\lib\Qt6QmlLocalStorage.prl
2026-06-12 14:34:26,037 - aqt.updater - INFO - updater 47788 Patching C:\Qt\6.8.3\msvc2022_64\lib\Qt6QmlLocalStoraged.prl
2026-06-12 14:34:26,043 - aqt.updater - INFO - updater 47788 Patching C:\Qt\6.8.3\msvc2022_64\lib\Qt6QmlLS.prl
2026-06-12 14:34:26,049 - aqt.updater - INFO - updater 47788 Patching C:\Qt\6.8.3\msvc2022_64\lib\Qt6QmlLSd.prl
2026-06-12 14:34:26,056 - aqt.updater - INFO - updater 47788 Patching C:\Qt\6.8.3\msvc2022_64\lib\Qt6QmlMeta.prl
2026-06-12 14:34:26,062 - aqt.updater - INFO - updater 47788 Patching C:\Qt\6.8.3\msvc2022_64\lib\Qt6QmlMetad.prl
2026-06-12 14:34:26,069 - aqt.updater - INFO - updater 47788 Patching C:\Qt\6.8.3\msvc2022_64\lib\Qt6QmlModels.prl
2026-06-12 14:34:26,074 - aqt.updater - INFO - updater 47788 Patching C:\Qt\6.8.3\msvc2022_64\lib\Qt6QmlModelsd.prl
2026-06-12 14:34:26,079 - aqt.updater - INFO - updater 47788 Patching C:\Qt\6.8.3\msvc2022_64\lib\Qt6QmlNetwork.prl
2026-06-12 14:34:26,085 - aqt.updater - INFO - updater 47788 Patching C:\Qt\6.8.3\msvc2022_64\lib\Qt6QmlNetworkd.prl
2026-06-12 14:34:26,091 - aqt.updater - INFO - updater 47788 Patching C:\Qt\6.8.3\msvc2022_64\lib\Qt6QmlToolingSettings.prl
2026-06-12 14:34:26,096 - aqt.updater - INFO - updater 47788 Patching C:\Qt\6.8.3\msvc2022_64\lib\Qt6QmlToolingSettingsd.prl
2026-06-12 14:34:26,102 - aqt.updater - INFO - updater 47788 Patching C:\Qt\6.8.3\msvc2022_64\lib\Qt6QmlTypeRegistrar.prl
2026-06-12 14:34:26,108 - aqt.updater - INFO - updater 47788 Patching C:\Qt\6.8.3\msvc2022_64\lib\Qt6QmlTypeRegistrard.prl
2026-06-12 14:34:26,114 - aqt.updater - INFO - updater 47788 Patching C:\Qt\6.8.3\msvc2022_64\lib\Qt6QmlWorkerScript.prl
2026-06-12 14:34:26,119 - aqt.updater - INFO - updater 47788 Patching C:\Qt\6.8.3\msvc2022_64\lib\Qt6QmlWorkerScriptd.prl
2026-06-12 14:34:26,125 - aqt.updater - INFO - updater 47788 Patching C:\Qt\6.8.3\msvc2022_64\lib\Qt6QmlXmlListModel.prl
2026-06-12 14:34:26,142 - aqt.updater - INFO - updater 47788 Patching C:\Qt\6.8.3\msvc2022_64\lib\Qt6QmlXmlListModeld.prl
2026-06-12 14:34:26,147 - aqt.updater - INFO - updater 47788 Patching C:\Qt\6.8.3\msvc2022_64\lib\Qt6Quick.prl
2026-06-12 14:34:26,153 - aqt.updater - INFO - updater 47788 Patching C:\Qt\6.8.3\msvc2022_64\lib\Qt6Quick3DSpatialAudio.prl
2026-06-12 14:34:26,159 - aqt.updater - INFO - updater 47788 Patching C:\Qt\6.8.3\msvc2022_64\lib\Qt6Quick3DSpatialAudiod.prl
2026-06-12 14:34:26,165 - aqt.updater - INFO - updater 47788 Patching C:\Qt\6.8.3\msvc2022_64\lib\Qt6QuickControls2.prl
2026-06-12 14:34:26,171 - aqt.updater - INFO - updater 47788 Patching C:\Qt\6.8.3\msvc2022_64\lib\Qt6QuickControls2Basic.prl
2026-06-12 14:34:26,177 - aqt.updater - INFO - updater 47788 Patching C:\Qt\6.8.3\msvc2022_64\lib\Qt6QuickControls2Basicd.prl
2026-06-12 14:34:26,183 - aqt.updater - INFO - updater 47788 Patching C:\Qt\6.8.3\msvc2022_64\lib\Qt6QuickControls2BasicStyleImpl.prl
2026-06-12 14:34:26,189 - aqt.updater - INFO - updater 47788 Patching C:\Qt\6.8.3\msvc2022_64\lib\Qt6QuickControls2BasicStyleImpld.prl
2026-06-12 14:34:26,195 - aqt.updater - INFO - updater 47788 Patching C:\Qt\6.8.3\msvc2022_64\lib\Qt6QuickControls2d.prl
2026-06-12 14:34:26,200 - aqt.updater - INFO - updater 47788 Patching C:\Qt\6.8.3\msvc2022_64\lib\Qt6QuickControls2FluentWinUI3StyleImpl.prl
2026-06-12 14:34:26,206 - aqt.updater - INFO - updater 47788 Patching C:\Qt\6.8.3\msvc2022_64\lib\Qt6QuickControls2FluentWinUI3StyleImpld.prl
2026-06-12 14:34:26,212 - aqt.updater - INFO - updater 47788 Patching C:\Qt\6.8.3\msvc2022_64\lib\Qt6QuickControls2Fusion.prl
2026-06-12 14:34:26,217 - aqt.updater - INFO - updater 47788 Patching C:\Qt\6.8.3\msvc2022_64\lib\Qt6QuickControls2Fusiond.prl
2026-06-12 14:34:26,223 - aqt.updater - INFO - updater 47788 Patching C:\Qt\6.8.3\msvc2022_64\lib\Qt6QuickControls2FusionStyleImpl.prl
2026-06-12 14:34:26,229 - aqt.updater - INFO - updater 47788 Patching C:\Qt\6.8.3\msvc2022_64\lib\Qt6QuickControls2FusionStyleImpld.prl
2026-06-12 14:34:26,235 - aqt.updater - INFO - updater 47788 Patching C:\Qt\6.8.3\msvc2022_64\lib\Qt6QuickControls2Imagine.prl
2026-06-12 14:34:26,242 - aqt.updater - INFO - updater 47788 Patching C:\Qt\6.8.3\msvc2022_64\lib\Qt6QuickControls2Imagined.prl
2026-06-12 14:34:26,248 - aqt.updater - INFO - updater 47788 Patching C:\Qt\6.8.3\msvc2022_64\lib\Qt6QuickControls2ImagineStyleImpl.prl
2026-06-12 14:34:26,254 - aqt.updater - INFO - updater 47788 Patching C:\Qt\6.8.3\msvc2022_64\lib\Qt6QuickControls2ImagineStyleImpld.prl
2026-06-12 14:34:26,263 - aqt.updater - INFO - updater 47788 Patching C:\Qt\6.8.3\msvc2022_64\lib\Qt6QuickControls2Impl.prl
2026-06-12 14:34:26,269 - aqt.updater - INFO - updater 47788 Patching C:\Qt\6.8.3\msvc2022_64\lib\Qt6QuickControls2Impld.prl
2026-06-12 14:34:26,276 - aqt.updater - INFO - updater 47788 Patching C:\Qt\6.8.3\msvc2022_64\lib\Qt6QuickControls2Material.prl
2026-06-12 14:34:26,282 - aqt.updater - INFO - updater 47788 Patching C:\Qt\6.8.3\msvc2022_64\lib\Qt6QuickControls2Materiald.prl
2026-06-12 14:34:26,288 - aqt.updater - INFO - updater 47788 Patching C:\Qt\6.8.3\msvc2022_64\lib\Qt6QuickControls2MaterialStyleImpl.prl
2026-06-12 14:34:26,294 - aqt.updater - INFO - updater 47788 Patching C:\Qt\6.8.3\msvc2022_64\lib\Qt6QuickControls2MaterialStyleImpld.prl
2026-06-12 14:34:26,300 - aqt.updater - INFO - updater 47788 Patching C:\Qt\6.8.3\msvc2022_64\lib\Qt6QuickControls2Universal.prl
2026-06-12 14:34:26,307 - aqt.updater - INFO - updater 47788 Patching C:\Qt\6.8.3\msvc2022_64\lib\Qt6QuickControls2Universald.prl
2026-06-12 14:34:26,313 - aqt.updater - INFO - updater 47788 Patching C:\Qt\6.8.3\msvc2022_64\lib\Qt6QuickControls2UniversalStyleImpl.prl
2026-06-12 14:34:26,320 - aqt.updater - INFO - updater 47788 Patching C:\Qt\6.8.3\msvc2022_64\lib\Qt6QuickControls2UniversalStyleImpld.prl
2026-06-12 14:34:26,328 - aqt.updater - INFO - updater 47788 Patching C:\Qt\6.8.3\msvc2022_64\lib\Qt6QuickControls2WindowsStyleImpl.prl
2026-06-12 14:34:26,338 - aqt.updater - INFO - updater 47788 Patching C:\Qt\6.8.3\msvc2022_64\lib\Qt6QuickControls2WindowsStyleImpld.prl
2026-06-12 14:34:26,345 - aqt.updater - INFO - updater 47788 Patching C:\Qt\6.8.3\msvc2022_64\lib\Qt6QuickControlsTestUtils.prl
2026-06-12 14:34:26,353 - aqt.updater - INFO - updater 47788 Patching C:\Qt\6.8.3\msvc2022_64\lib\Qt6QuickControlsTestUtilsd.prl
2026-06-12 14:34:26,363 - aqt.updater - INFO - updater 47788 Patching C:\Qt\6.8.3\msvc2022_64\lib\Qt6Quickd.prl
2026-06-12 14:34:26,369 - aqt.updater - INFO - updater 47788 Patching C:\Qt\6.8.3\msvc2022_64\lib\Qt6QuickDialogs2.prl
2026-06-12 14:34:26,376 - aqt.updater - INFO - updater 47788 Patching C:\Qt\6.8.3\msvc2022_64\lib\Qt6QuickDialogs2d.prl
2026-06-12 14:34:26,383 - aqt.updater - INFO - updater 47788 Patching C:\Qt\6.8.3\msvc2022_64\lib\Qt6QuickDialogs2QuickImpl.prl
2026-06-12 14:34:26,389 - aqt.updater - INFO - updater 47788 Patching C:\Qt\6.8.3\msvc2022_64\lib\Qt6QuickDialogs2QuickImpld.prl
2026-06-12 14:34:26,395 - aqt.updater - INFO - updater 47788 Patching C:\Qt\6.8.3\msvc2022_64\lib\Qt6QuickDialogs2Utils.prl
2026-06-12 14:34:26,400 - aqt.updater - INFO - updater 47788 Patching C:\Qt\6.8.3\msvc2022_64\lib\Qt6QuickDialogs2Utilsd.prl
2026-06-12 14:34:26,407 - aqt.updater - INFO - updater 47788 Patching C:\Qt\6.8.3\msvc2022_64\lib\Qt6QuickEffects.prl
2026-06-12 14:34:26,413 - aqt.updater - INFO - updater 47788 Patching C:\Qt\6.8.3\msvc2022_64\lib\Qt6QuickEffectsd.prl
2026-06-12 14:34:26,419 - aqt.updater - INFO - updater 47788 Patching C:\Qt\6.8.3\msvc2022_64\lib\Qt6QuickLayouts.prl
2026-06-12 14:34:26,424 - aqt.updater - INFO - updater 47788 Patching C:\Qt\6.8.3\msvc2022_64\lib\Qt6QuickLayoutsd.prl
2026-06-12 14:34:26,430 - aqt.updater - INFO - updater 47788 Patching C:\Qt\6.8.3\msvc2022_64\lib\Qt6QuickParticles.prl
2026-06-12 14:34:26,435 - aqt.updater - INFO - updater 47788 Patching C:\Qt\6.8.3\msvc2022_64\lib\Qt6QuickParticlesd.prl
2026-06-12 14:34:26,441 - aqt.updater - INFO - updater 47788 Patching C:\Qt\6.8.3\msvc2022_64\lib\Qt6QuickShapes.prl
2026-06-12 14:34:26,448 - aqt.updater - INFO - updater 47788 Patching C:\Qt\6.8.3\msvc2022_64\lib\Qt6QuickShapesd.prl
2026-06-12 14:34:26,454 - aqt.updater - INFO - updater 47788 Patching C:\Qt\6.8.3\msvc2022_64\lib\Qt6QuickTemplates2.prl
2026-06-12 14:34:26,462 - aqt.updater - INFO - updater 47788 Patching C:\Qt\6.8.3\msvc2022_64\lib\Qt6QuickTemplates2d.prl
2026-06-12 14:34:26,468 - aqt.updater - INFO - updater 47788 Patching C:\Qt\6.8.3\msvc2022_64\lib\Qt6QuickTest.prl
2026-06-12 14:34:26,475 - aqt.updater - INFO - updater 47788 Patching C:\Qt\6.8.3\msvc2022_64\lib\Qt6QuickTestd.prl
2026-06-12 14:34:26,481 - aqt.updater - INFO - updater 47788 Patching C:\Qt\6.8.3\msvc2022_64\lib\Qt6QuickTestUtils.prl
2026-06-12 14:34:26,488 - aqt.updater - INFO - updater 47788 Patching C:\Qt\6.8.3\msvc2022_64\lib\Qt6QuickTestUtilsd.prl
2026-06-12 14:34:26,495 - aqt.updater - INFO - updater 47788 Patching C:\Qt\6.8.3\msvc2022_64\lib\Qt6QuickVectorImage.prl
2026-06-12 14:34:26,500 - aqt.updater - INFO - updater 47788 Patching C:\Qt\6.8.3\msvc2022_64\lib\Qt6QuickVectorImaged.prl
2026-06-12 14:34:26,506 - aqt.updater - INFO - updater 47788 Patching C:\Qt\6.8.3\msvc2022_64\lib\Qt6QuickVectorImageGenerator.prl
2026-06-12 14:34:26,513 - aqt.updater - INFO - updater 47788 Patching C:\Qt\6.8.3\msvc2022_64\lib\Qt6QuickVectorImageGeneratord.prl
2026-06-12 14:34:26,518 - aqt.updater - INFO - updater 47788 Patching C:\Qt\6.8.3\msvc2022_64\lib\Qt6QuickWidgets.prl
2026-06-12 14:34:26,523 - aqt.updater - INFO - updater 47788 Patching C:\Qt\6.8.3\msvc2022_64\lib\Qt6QuickWidgetsd.prl
2026-06-12 14:34:26,529 - aqt.updater - INFO - updater 47788 Patching C:\Qt\6.8.3\msvc2022_64\lib\Qt6SpatialAudio.prl
2026-06-12 14:34:26,536 - aqt.updater - INFO - updater 47788 Patching C:\Qt\6.8.3\msvc2022_64\lib\Qt6SpatialAudiod.prl
2026-06-12 14:34:26,541 - aqt.updater - INFO - updater 47788 Patching C:\Qt\6.8.3\msvc2022_64\lib\Qt6Sql.prl
2026-06-12 14:34:26,546 - aqt.updater - INFO - updater 47788 Patching C:\Qt\6.8.3\msvc2022_64\lib\Qt6Sqld.prl
2026-06-12 14:34:26,552 - aqt.updater - INFO - updater 47788 Patching C:\Qt\6.8.3\msvc2022_64\lib\Qt6Svg.prl
2026-06-12 14:34:26,555 - aqt.updater - INFO - updater 47788 Patching C:\Qt\6.8.3\msvc2022_64\lib\Qt6Svgd.prl
2026-06-12 14:34:26,560 - aqt.updater - INFO - updater 47788 Patching C:\Qt\6.8.3\msvc2022_64\lib\Qt6SvgWidgets.prl
2026-06-12 14:34:26,564 - aqt.updater - INFO - updater 47788 Patching C:\Qt\6.8.3\msvc2022_64\lib\Qt6SvgWidgetsd.prl
2026-06-12 14:34:26,568 - aqt.updater - INFO - updater 47788 Patching C:\Qt\6.8.3\msvc2022_64\lib\Qt6Test.prl
2026-06-12 14:34:26,573 - aqt.updater - INFO - updater 47788 Patching C:\Qt\6.8.3\msvc2022_64\lib\Qt6Testd.prl
2026-06-12 14:34:26,579 - aqt.updater - INFO - updater 47788 Patching C:\Qt\6.8.3\msvc2022_64\lib\Qt6UiTools.prl
2026-06-12 14:34:26,586 - aqt.updater - INFO - updater 47788 Patching C:\Qt\6.8.3\msvc2022_64\lib\Qt6UiToolsd.prl
2026-06-12 14:34:26,593 - aqt.updater - INFO - updater 47788 Patching C:\Qt\6.8.3\msvc2022_64\lib\Qt6Widgets.prl
2026-06-12 14:34:26,601 - aqt.updater - INFO - updater 47788 Patching C:\Qt\6.8.3\msvc2022_64\lib\Qt6Widgetsd.prl
2026-06-12 14:34:26,607 - aqt.updater - INFO - updater 47788 Patching C:\Qt\6.8.3\msvc2022_64\lib\Qt6Xml.prl
2026-06-12 14:34:26,613 - aqt.updater - INFO - updater 47788 Patching C:\Qt\6.8.3\msvc2022_64\lib\Qt6Xmld.prl
2026-06-12 14:34:26,635 - aqt.main - INFO - installer 47788 Finished installation
2026-06-12 14:34:26,635 - aqt.main - INFO - installer 47788 Time elapsed: 61.56953610 second
